<?xml version="1.0" encoding="UTF-8"?>
<!-- Generated by org.testng.reporters.JUnitXMLReporter -->
<testsuite ignored="0" hostname="PANDU-7A15371" failures="2" tests="15" name="Default test" time="13.866" errors="0" timestamp="2026-01-14T23:26:10 GMT-05:00">
  <testcase classname="io.cucumber.testng.AbstractTestNGCucumberTests" name="runScenario" time="6.277"/>
  <testcase classname="io.cucumber.testng.AbstractTestNGCucumberTests" name="runScenario" time="0.597"/>
  <testcase classname="io.cucumber.testng.AbstractTestNGCucumberTests" name="runScenario" time="0.471"/>
  <testcase classname="io.cucumber.testng.AbstractTestNGCucumberTests" name="runScenario" time="0.434"/>
  <testcase classname="io.cucumber.testng.AbstractTestNGCucumberTests" name="runScenario" time="0.376"/>
  <testcase classname="io.cucumber.testng.AbstractTestNGCucumberTests" name="runScenario" time="0.449"/>
  <testcase classname="io.cucumber.testng.AbstractTestNGCucumberTests" name="runScenario" time="1.083"/>
  <testcase classname="io.cucumber.testng.AbstractTestNGCucumberTests" name="runScenario" time="0.357"/>
  <testcase classname="io.cucumber.testng.AbstractTestNGCucumberTests" name="runScenario" time="0.387">
    <failure type="java.lang.AssertionError" message="Status code validation failed! expected [201] but found [400]">
      <![CDATA[java.lang.AssertionError: Status code validation failed! expected [201] but found [400]
at org.testng.Assert.fail(Assert.java:111)
at org.testng.Assert.failNotEquals(Assert.java:1578)
at org.testng.Assert.assertEqualsImpl(Assert.java:150)
at org.testng.Assert.assertEquals(Assert.java:132)
at org.testng.Assert.assertEquals(Assert.java:1419)
at org.testng.Assert.assertEquals(Assert.java:1383)
at utilities.ResponseValidator.validateStatusCode(ResponseValidator.java:17)
at stepDefinitions.UserSteps.the_response_status_should_be_equal_to_expected_status_for_create_user(UserSteps.java:59)
at ✽.the response status should be equal to ExpectedStatus for create user(file:///C:/NumpyNinza/RestAssured_API_Hackathon_LMS_011026/Team2-BridgeBuilders/src/test/resources/Features/04_User.feature:10)
]]>
    </failure>
  </testcase> <!-- runScenario -->
  <testcase classname="io.cucumber.testng.AbstractTestNGCucumberTests" name="runScenario" time="0.478"/>
  <testcase classname="io.cucumber.testng.AbstractTestNGCucumberTests" name="runScenario" time="0.307">
    <failure type="java.lang.AssertionError" message="Status code validation failed! expected [404] but found [405]">
      <![CDATA[java.lang.AssertionError: Status code validation failed! expected [404] but found [405]
at org.testng.Assert.fail(Assert.java:111)
at org.testng.Assert.failNotEquals(Assert.java:1578)
at org.testng.Assert.assertEqualsImpl(Assert.java:150)
at org.testng.Assert.assertEquals(Assert.java:132)
at org.testng.Assert.assertEquals(Assert.java:1419)
at org.testng.Assert.assertEquals(Assert.java:1383)
at utilities.ResponseValidator.validateStatusCode(ResponseValidator.java:17)
at stepDefinitions.UserSteps.the_response_status_should_be_equal_to_expected_status_for_create_user(UserSteps.java:59)
at ✽.the response status should be equal to ExpectedStatus for create user(file:///C:/NumpyNinza/RestAssured_API_Hackathon_LMS_011026/Team2-BridgeBuilders/src/test/resources/Features/04_User.feature:32)
]]>
    </failure>
  </testcase> <!-- runScenario -->
  <testcase classname="io.cucumber.testng.AbstractTestNGCucumberTests" name="runScenario" time="0.469"/>
  <testcase classname="io.cucumber.testng.AbstractTestNGCucumberTests" name="runScenario" time="0.18"/>
  <testcase classname="io.cucumber.testng.AbstractTestNGCucumberTests" name="runScenario" time="0.214"/>
  <testcase classname="io.cucumber.testng.AbstractTestNGCucumberTests" name="runScenario" time="0.581"/>
</testsuite> <!-- Default test -->
